<?xml version="1.0" encoding="UTF-8"?>
<!-- Generated by org.testng.reporters.JUnitReportReporter -->
<testsuite hostname="Biju-PC" failures="13" tests="240" name="runner.TestRunner" time="127.113" errors="1" timestamp="2023-08-16T11:33:58 EDT" skipped="0">
  <testcase classname="runner.TestRunner" name="runScenario" time="0.211"/>
  <testcase classname="runner.TestRunner" name="runScenario" time="0.723"/>
  <testcase classname="runner.TestRunner" name="runScenario" time="1.638">
    <failure message="Result do not match expected [Submission Successful] but found [Error occurred during submission]" type="java.lang.AssertionError">
      <![CDATA[java.lang.AssertionError: Result do not match expected [Submission Successful] but found [Error occurred during submission]
at org.testng.Assert.fail(Assert.java:111)
at org.testng.Assert.failNotEquals(Assert.java:1578)
at org.testng.Assert.assertEqualsImpl(Assert.java:150)
at org.testng.Assert.assertEquals(Assert.java:132)
at org.testng.Assert.assertEquals(Assert.java:656)
at stepDefinitions.ArraySD.the_user_should_be_presented_with_successful_submission_message(ArraySD.java:166)
at ✽.The user should be presented with successful submission message(file:///D:/Ancy/Java/DSAlgo/DSAlgo/src/test/resources/features/5_Array.feature:237)
]]>
    </failure>
  </testcase> <!-- runScenario -->
  <testcase classname="runner.TestRunner" name="runScenario" time="0.315"/>
  <testcase classname="runner.TestRunner" name="runScenario" time="0.325"/>
  <testcase classname="runner.TestRunner" name="runScenario" time="0.830"/>
  <testcase classname="runner.TestRunner" name="runScenario" time="0.383"/>
  <testcase classname="runner.TestRunner" name="runScenario" time="0.275"/>
  <testcase classname="runner.TestRunner" name="runScenario" time="0.392"/>
  <testcase classname="runner.TestRunner" name="runScenario" time="0.274"/>
  <testcase classname="runner.TestRunner" name="runScenario" time="0.762"/>
  <testcase classname="runner.TestRunner" name="runScenario" time="0.404"/>
  <testcase classname="runner.TestRunner" name="runScenario" time="0.724"/>
  <testcase classname="runner.TestRunner" name="runScenario" time="0.286"/>
  <testcase classname="runner.TestRunner" name="runScenario" time="0.419"/>
  <testcase classname="runner.TestRunner" name="runScenario" time="0.760"/>
  <testcase classname="runner.TestRunner" name="runScenario" time="0.388"/>
  <testcase classname="runner.TestRunner" name="runScenario" time="0.673"/>
  <testcase classname="runner.TestRunner" name="runScenario" time="0.745"/>
  <testcase classname="runner.TestRunner" name="runScenario" time="0.888"/>
  <testcase classname="runner.TestRunner" name="runScenario" time="0.166"/>
  <testcase classname="runner.TestRunner" name="runScenario" time="0.755"/>
  <testcase classname="runner.TestRunner" name="runScenario" time="0.298"/>
  <testcase classname="runner.TestRunner" name="runScenario" time="0.705"/>
  <testcase classname="runner.TestRunner" name="runScenario" time="0.206"/>
  <testcase classname="runner.TestRunner" name="runScenario" time="0.900"/>
  <testcase classname="runner.TestRunner" name="runScenario" time="0.823"/>
  <testcase classname="runner.TestRunner" name="runScenario" time="2.282"/>
  <testcase classname="runner.TestRunner" name="runScenario" time="0.307"/>
  <testcase classname="runner.TestRunner" name="runScenario" time="0.752"/>
  <testcase classname="runner.TestRunner" name="runScenario" time="0.919"/>
  <testcase classname="runner.TestRunner" name="runScenario" time="0.494"/>
  <testcase classname="runner.TestRunner" name="runScenario" time="0.234"/>
  <testcase classname="runner.TestRunner" name="runScenario" time="0.387"/>
  <testcase classname="runner.TestRunner" name="runScenario" time="0.260"/>
  <testcase classname="runner.TestRunner" name="runScenario" time="0.805"/>
  <testcase classname="runner.TestRunner" name="runScenario" time="0.893"/>
  <testcase classname="runner.TestRunner" name="runScenario" time="0.579"/>
  <testcase classname="runner.TestRunner" name="runScenario" time="0.172"/>
  <testcase classname="runner.TestRunner" name="runScenario" time="0.747"/>
  <testcase classname="runner.TestRunner" name="runScenario" time="0.553"/>
  <testcase classname="runner.TestRunner" name="runScenario" time="0.347"/>
  <testcase classname="runner.TestRunner" name="runScenario" time="0.351"/>
  <testcase classname="runner.TestRunner" name="runScenario" time="0.494"/>
  <testcase classname="runner.TestRunner" name="runScenario" time="1.597">
    <failure message="Result do not match expected [Submission Successful] but found [ No tests were collected]" type="java.lang.AssertionError">
      <![CDATA[java.lang.AssertionError: Result do not match expected [Submission Successful] but found [ No tests were collected]
at org.testng.Assert.fail(Assert.java:111)
at org.testng.Assert.failNotEquals(Assert.java:1578)
at org.testng.Assert.assertEqualsImpl(Assert.java:150)
at org.testng.Assert.assertEquals(Assert.java:132)
at org.testng.Assert.assertEquals(Assert.java:656)
at stepDefinitions.ArraySD.the_user_should_be_presented_with_successful_submission_message(ArraySD.java:166)
at ✽.The user should be presented with successful submission message(file:///D:/Ancy/Java/DSAlgo/DSAlgo/src/test/resources/features/5_Array.feature:375)
]]>
    </failure>
  </testcase> <!-- runScenario -->
  <testcase classname="runner.TestRunner" name="runScenario" time="0.273"/>
  <testcase classname="runner.TestRunner" name="runScenario" time="0.373"/>
  <testcase classname="runner.TestRunner" name="runScenario" time="0.977"/>
  <testcase classname="runner.TestRunner" name="runScenario" time="0.283"/>
  <testcase classname="runner.TestRunner" name="runScenario" time="0.278"/>
  <testcase classname="runner.TestRunner" name="runScenario" time="0.279"/>
  <testcase classname="runner.TestRunner" name="runScenario" time="0.821"/>
  <testcase classname="runner.TestRunner" name="runScenario" time="0.743"/>
  <testcase classname="runner.TestRunner" name="runScenario" time="0.587"/>
  <testcase classname="runner.TestRunner" name="runScenario" time="0.342"/>
  <testcase classname="runner.TestRunner" name="runScenario" time="0.246"/>
  <testcase classname="runner.TestRunner" name="runScenario" time="0.826"/>
  <testcase classname="runner.TestRunner" name="runScenario" time="0.566"/>
  <testcase classname="runner.TestRunner" name="runScenario" time="0.849">
    <failure message="expected [Invalid Password] but found [Invalid Username and Password]" type="java.lang.AssertionError">
      <![CDATA[java.lang.AssertionError: expected [Invalid Password] but found [Invalid Username and Password]
at org.testng.Assert.fail(Assert.java:111)
at org.testng.Assert.failNotEquals(Assert.java:1578)
at org.testng.Assert.assertEqualsImpl(Assert.java:150)
at org.testng.Assert.assertEquals(Assert.java:132)
at org.testng.Assert.assertEquals(Assert.java:656)
at org.testng.Assert.assertEquals(Assert.java:666)
at stepDefinitions.SignInPageSD.click_login_button(SignInPageSD.java:105)
at ✽.click login button(file:///D:/Ancy/Java/DSAlgo/DSAlgo/src/test/resources/features/3_SignInPage.feature:38)
]]>
    </failure>
  </testcase> <!-- runScenario -->
  <testcase classname="runner.TestRunner" name="runScenario" time="1.004"/>
  <testcase classname="runner.TestRunner" name="runScenario" time="0.397"/>
  <testcase classname="runner.TestRunner" name="runScenario" time="0.348"/>
  <testcase classname="runner.TestRunner" name="runScenario" time="0.171"/>
  <testcase classname="runner.TestRunner" name="runScenario" time="0.989">
    <failure message="expected [Password can’t be entirely numeric.] but found [password_mismatch:The two password fields didn’t match.]" type="java.lang.AssertionError">
      <![CDATA[java.lang.AssertionError: expected [Password can’t be entirely numeric.] but found [password_mismatch:The two password fields didn’t match.]
at org.testng.Assert.fail(Assert.java:111)
at org.testng.Assert.failNotEquals(Assert.java:1578)
at org.testng.Assert.assertEqualsImpl(Assert.java:150)
at org.testng.Assert.assertEquals(Assert.java:132)
at org.testng.Assert.assertEquals(Assert.java:656)
at org.testng.Assert.assertEquals(Assert.java:666)
at stepDefinitions.RegisterPageSD.it_should_display_an_error_message(RegisterPageSD.java:92)
at ✽.It should display an error message "Password can’t be entirely numeric."(file:///D:/Ancy/Java/DSAlgo/DSAlgo/src/test/resources/features/2_RegisterPage.feature:89)
]]>
    </failure>
  </testcase> <!-- runScenario -->
  <testcase classname="runner.TestRunner" name="runScenario" time="1.114"/>
  <testcase classname="runner.TestRunner" name="runScenario" time="0.317"/>
  <testcase classname="runner.TestRunner" name="runScenario" time="0.329"/>
  <testcase classname="runner.TestRunner" name="runScenario" time="0.342"/>
  <testcase classname="runner.TestRunner" name="runScenario" time="0.487"/>
  <testcase classname="runner.TestRunner" name="runScenario" time="0.312"/>
  <testcase classname="runner.TestRunner" name="runScenario" time="0.202"/>
  <testcase classname="runner.TestRunner" name="runScenario" time="0.930"/>
  <testcase classname="runner.TestRunner" name="runScenario" time="0.958"/>
  <testcase classname="runner.TestRunner" name="runScenario" time="0.742"/>
  <testcase classname="runner.TestRunner" name="runScenario" time="0.304"/>
  <testcase classname="runner.TestRunner" name="runScenario" time="0.363"/>
  <testcase classname="runner.TestRunner" name="runScenario" time="0.624"/>
  <testcase classname="runner.TestRunner" name="runScenario" time="0.306"/>
  <testcase classname="runner.TestRunner" name="runScenario" time="0.372"/>
  <testcase classname="runner.TestRunner" name="runScenario" time="0.668"/>
  <testcase classname="runner.TestRunner" name="runScenario" time="0.421"/>
  <testcase classname="runner.TestRunner" name="runScenario" time="0.772"/>
  <testcase classname="runner.TestRunner" name="runScenario" time="0.700"/>
  <testcase classname="runner.TestRunner" name="runScenario" time="0.438"/>
  <testcase classname="runner.TestRunner" name="runScenario" time="0.419"/>
  <testcase classname="runner.TestRunner" name="runScenario" time="0.216"/>
  <testcase classname="runner.TestRunner" name="runScenario" time="0.364"/>
  <testcase classname="runner.TestRunner" name="runScenario" time="0.289"/>
  <testcase classname="runner.TestRunner" name="runScenario" time="0.494"/>
  <testcase classname="runner.TestRunner" name="runScenario" time="0.689"/>
  <testcase classname="runner.TestRunner" name="runScenario" time="0.310"/>
  <testcase classname="runner.TestRunner" name="runScenario" time="0.319"/>
  <testcase classname="runner.TestRunner" name="runScenario" time="0.742"/>
  <testcase classname="runner.TestRunner" name="runScenario" time="0.645"/>
  <testcase classname="runner.TestRunner" name="runScenario" time="0.311"/>
  <testcase classname="runner.TestRunner" name="runScenario" time="0.986"/>
  <testcase classname="runner.TestRunner" name="runScenario" time="0.217"/>
  <testcase classname="runner.TestRunner" name="runScenario" time="0.697"/>
  <testcase classname="runner.TestRunner" name="runScenario" time="0.180"/>
  <testcase classname="runner.TestRunner" name="runScenario" time="0.267"/>
  <testcase classname="runner.TestRunner" name="runScenario" time="0.300"/>
  <testcase classname="runner.TestRunner" name="runScenario" time="0.194"/>
  <testcase classname="runner.TestRunner" name="runScenario" time="0.192"/>
  <testcase classname="runner.TestRunner" name="runScenario" time="0.930">
    <failure message="expected [Password should contain at least 8 characters] but found [password_mismatch:The two password fields didn’t match.]" type="java.lang.AssertionError">
      <![CDATA[java.lang.AssertionError: expected [Password should contain at least 8 characters] but found [password_mismatch:The two password fields didn’t match.]
at org.testng.Assert.fail(Assert.java:111)
at org.testng.Assert.failNotEquals(Assert.java:1578)
at org.testng.Assert.assertEqualsImpl(Assert.java:150)
at org.testng.Assert.assertEquals(Assert.java:132)
at org.testng.Assert.assertEquals(Assert.java:656)
at org.testng.Assert.assertEquals(Assert.java:666)
at stepDefinitions.RegisterPageSD.it_should_display_an_error_message(RegisterPageSD.java:92)
at ✽.It should display an error message "Password should contain at least 8 characters"(file:///D:/Ancy/Java/DSAlgo/DSAlgo/src/test/resources/features/2_RegisterPage.feature:81)
]]>
    </failure>
  </testcase> <!-- runScenario -->
  <testcase classname="runner.TestRunner" name="runScenario" time="0.574"/>
  <testcase classname="runner.TestRunner" name="runScenario" time="1.052"/>
  <testcase classname="runner.TestRunner" name="runScenario" time="0.498"/>
  <testcase classname="runner.TestRunner" name="runScenario" time="0.653"/>
  <testcase classname="runner.TestRunner" name="runScenario" time="0.600"/>
  <testcase classname="runner.TestRunner" name="runScenario" time="0.194"/>
  <testcase classname="runner.TestRunner" name="runScenario" time="0.855"/>
  <testcase classname="runner.TestRunner" name="runScenario" time="0.764"/>
  <testcase classname="runner.TestRunner" name="runScenario" time="0.217"/>
  <testcase classname="runner.TestRunner" name="runScenario" time="0.545"/>
  <testcase classname="runner.TestRunner" name="runScenario" time="0.152"/>
  <testcase classname="runner.TestRunner" name="runScenario" time="0.587"/>
  <testcase classname="runner.TestRunner" name="runScenario" time="0.738"/>
  <testcase classname="runner.TestRunner" name="runScenario" time="0.419"/>
  <testcase classname="runner.TestRunner" name="runScenario" time="0.622"/>
  <testcase classname="runner.TestRunner" name="runScenario" time="0.364"/>
  <testcase classname="runner.TestRunner" name="runScenario" time="0.423"/>
  <testcase classname="runner.TestRunner" name="runScenario" time="0.293"/>
  <testcase classname="runner.TestRunner" name="runScenario" time="0.306"/>
  <testcase classname="runner.TestRunner" name="runScenario" time="0.285"/>
  <testcase classname="runner.TestRunner" name="runScenario" time="0.371"/>
  <testcase classname="runner.TestRunner" name="runScenario" time="0.223"/>
  <testcase classname="runner.TestRunner" name="runScenario" time="0.264"/>
  <testcase classname="runner.TestRunner" name="runScenario" time="0.510"/>
  <testcase classname="runner.TestRunner" name="runScenario" time="0.842"/>
  <testcase classname="runner.TestRunner" name="runScenario" time="0.799"/>
  <testcase classname="runner.TestRunner" name="runScenario" time="0.194"/>
  <testcase classname="runner.TestRunner" name="runScenario" time="0.617"/>
  <testcase classname="runner.TestRunner" name="runScenario" time="0.302"/>
  <testcase classname="runner.TestRunner" name="runScenario" time="1.931">
    <failure message="Result do not match expected [Submission Successful] but found [Error occurred during submission]" type="java.lang.AssertionError">
      <![CDATA[java.lang.AssertionError: Result do not match expected [Submission Successful] but found [Error occurred during submission]
at org.testng.Assert.fail(Assert.java:111)
at org.testng.Assert.failNotEquals(Assert.java:1578)
at org.testng.Assert.assertEqualsImpl(Assert.java:150)
at org.testng.Assert.assertEquals(Assert.java:132)
at org.testng.Assert.assertEquals(Assert.java:656)
at stepDefinitions.ArraySD.the_user_should_be_presented_with_successful_submission_message(ArraySD.java:166)
at ✽.The user should be presented with successful submission message(file:///D:/Ancy/Java/DSAlgo/DSAlgo/src/test/resources/features/5_Array.feature:283)
]]>
    </failure>
  </testcase> <!-- runScenario -->
  <testcase classname="runner.TestRunner" name="runScenario" time="0.273"/>
  <testcase classname="runner.TestRunner" name="runScenario" time="0.378">
    <error message="no such element: Unable to locate element: {&quot;method&quot;:&quot;xpath&quot;,&quot;selector&quot;:&quot;//a[@href=&#039;/logout&#039;]&quot;}
  (Session info: MicrosoftEdge=115.0.1901.203)
For documentation on this error, please visit: https://www.selenium.dev/documentation/webdriver/troubleshooting/errors#no-such-element-exception
Build info: version: &#039;4.10.0&#039;, revision: &#039;c14d967899&#039;
System info: os.name: &#039;Windows 11&#039;, os.arch: &#039;amd64&#039;, os.version: &#039;10.0&#039;, java.version: &#039;18.0.1.1&#039;
Driver info: org.openqa.selenium.edge.EdgeDriver
Command: [46e056ad80aec7ac63a3c79a599e4b43, findElement {using=xpath, value=//a[@href=&#039;/logout&#039;]}]
Capabilities {acceptInsecureCerts: false, browserName: msedge, browserVersion: 115.0.1901.203, ms:edgeOptions: {debuggerAddress: localhost:61531}, msedge: {msedgedriverVersion: 115.0.1901.203 (a5a2b1779bc..., userDataDir: C:\Users\biju1\AppData\Loca...}, networkConnectionEnabled: false, pageLoadStrategy: normal, platformName: windows, proxy: Proxy(), se:cdp: ws://localhost:61531/devtoo..., se:cdpVersion: 115.0.1901.203, setWindowRect: true, strictFileInteractability: false, timeouts: {implicit: 0, pageLoad: 300000, script: 30000}, unhandledPromptBehavior: dismiss and notify, webauthn:extension:credBlob: true, webauthn:extension:largeBlob: true, webauthn:extension:minPinLength: true, webauthn:extension:prf: true, webauthn:virtualAuthenticators: true}
Session ID: 46e056ad80aec7ac63a3c79a599e4b43" type="org.openqa.selenium.NoSuchElementException">
      <![CDATA[org.openqa.selenium.NoSuchElementException: no such element: Unable to locate element: {"method":"xpath","selector":"//a[@href='/logout']"}
  (Session info: MicrosoftEdge=115.0.1901.203)
For documentation on this error, please visit: https://www.selenium.dev/documentation/webdriver/troubleshooting/errors#no-such-element-exception
Build info: version: '4.10.0', revision: 'c14d967899'
System info: os.name: 'Windows 11', os.arch: 'amd64', os.version: '10.0', java.version: '18.0.1.1'
Driver info: org.openqa.selenium.edge.EdgeDriver
Command: [46e056ad80aec7ac63a3c79a599e4b43, findElement {using=xpath, value=//a[@href='/logout']}]
Capabilities {acceptInsecureCerts: false, browserName: msedge, browserVersion: 115.0.1901.203, ms:edgeOptions: {debuggerAddress: localhost:61531}, msedge: {msedgedriverVersion: 115.0.1901.203 (a5a2b1779bc..., userDataDir: C:\Users\biju1\AppData\Loca...}, networkConnectionEnabled: false, pageLoadStrategy: normal, platformName: windows, proxy: Proxy(), se:cdp: ws://localhost:61531/devtoo..., se:cdpVersion: 115.0.1901.203, setWindowRect: true, strictFileInteractability: false, timeouts: {implicit: 0, pageLoad: 300000, script: 30000}, unhandledPromptBehavior: dismiss and notify, webauthn:extension:credBlob: true, webauthn:extension:largeBlob: true, webauthn:extension:minPinLength: true, webauthn:extension:prf: true, webauthn:virtualAuthenticators: true}
Session ID: 46e056ad80aec7ac63a3c79a599e4b43
at java.base/jdk.internal.reflect.DirectConstructorHandleAccessor.newInstance(DirectConstructorHandleAccessor.java:67)
at java.base/java.lang.reflect.Constructor.newInstanceWithCaller(Constructor.java:499)
at java.base/java.lang.reflect.Constructor.newInstance(Constructor.java:483)
at org.openqa.selenium.remote.codec.w3c.W3CHttpResponseCodec.createException(W3CHttpResponseCodec.java:199)
at org.openqa.selenium.remote.codec.w3c.W3CHttpResponseCodec.decode(W3CHttpResponseCodec.java:132)
at org.openqa.selenium.remote.codec.w3c.W3CHttpResponseCodec.decode(W3CHttpResponseCodec.java:51)
at org.openqa.selenium.remote.HttpCommandExecutor.execute(HttpCommandExecutor.java:191)
at org.openqa.selenium.remote.service.DriverCommandExecutor.invokeExecute(DriverCommandExecutor.java:196)
at org.openqa.selenium.remote.service.DriverCommandExecutor.execute(DriverCommandExecutor.java:171)
at org.openqa.selenium.remote.RemoteWebDriver.execute(RemoteWebDriver.java:531)
at org.openqa.selenium.remote.ElementLocation$ElementFinder$2.findElement(ElementLocation.java:165)
at org.openqa.selenium.remote.ElementLocation.findElement(ElementLocation.java:59)
at org.openqa.selenium.remote.RemoteWebDriver.findElement(RemoteWebDriver.java:350)
at org.openqa.selenium.remote.RemoteWebDriver.findElement(RemoteWebDriver.java:344)
at org.openqa.selenium.support.pagefactory.DefaultElementLocator.findElement(DefaultElementLocator.java:68)
at org.openqa.selenium.support.pagefactory.internal.LocatingElementHandler.invoke(LocatingElementHandler.java:38)
at jdk.proxy2/jdk.proxy2.$Proxy60.click(Unknown Source)
at pageObjects.RegisterPage.clickSignOutLink(RegisterPage.java:182)
at stepDefinitions.RegisterPageSD.the_user_clicks_the_link(RegisterPageSD.java:226)
at ✽.The user clicks the "Sign Out" link(file:///D:/Ancy/Java/DSAlgo/DSAlgo/src/test/resources/features/2_RegisterPage.feature:121)
]]>
    </error>
  </testcase> <!-- runScenario -->
  <testcase classname="runner.TestRunner" name="runScenario" time="0.943"/>
  <testcase classname="runner.TestRunner" name="runScenario" time="0.809"/>
  <testcase classname="runner.TestRunner" name="runScenario" time="0.617"/>
  <testcase classname="runner.TestRunner" name="runScenario" time="0.717"/>
  <testcase classname="runner.TestRunner" name="runScenario" time="0.505"/>
  <testcase classname="runner.TestRunner" name="runScenario" time="0.772"/>
  <testcase classname="runner.TestRunner" name="runScenario" time="0.627"/>
  <testcase classname="runner.TestRunner" name="runScenario" time="0.912"/>
  <testcase classname="runner.TestRunner" name="runScenario" time="0.802"/>
  <testcase classname="runner.TestRunner" name="runScenario" time="0.305"/>
  <testcase classname="runner.TestRunner" name="runScenario" time="0.752"/>
  <testcase classname="runner.TestRunner" name="runScenario" time="0.327"/>
  <testcase classname="runner.TestRunner" name="runScenario" time="0.130"/>
  <testcase classname="runner.TestRunner" name="runScenario" time="0.630"/>
  <testcase classname="runner.TestRunner" name="runScenario" time="0.664"/>
  <testcase classname="runner.TestRunner" name="runScenario" time="0.575"/>
  <testcase classname="runner.TestRunner" name="runScenario" time="0.227"/>
  <testcase classname="runner.TestRunner" name="runScenario" time="0.320"/>
  <testcase classname="runner.TestRunner" name="runScenario" time="0.797"/>
  <testcase classname="runner.TestRunner" name="runScenario" time="0.613"/>
  <testcase classname="runner.TestRunner" name="runScenario" time="0.642"/>
  <testcase classname="runner.TestRunner" name="runScenario" time="0.308"/>
  <testcase classname="runner.TestRunner" name="runScenario" time="0.317"/>
  <testcase classname="runner.TestRunner" name="runScenario" time="0.279"/>
  <testcase classname="runner.TestRunner" name="runScenario" time="0.181"/>
  <testcase classname="runner.TestRunner" name="runScenario" time="0.962"/>
  <testcase classname="runner.TestRunner" name="runScenario" time="0.369"/>
  <testcase classname="runner.TestRunner" name="runScenario" time="0.198"/>
  <testcase classname="runner.TestRunner" name="runScenario" time="0.166"/>
  <testcase classname="runner.TestRunner" name="runScenario" time="0.334"/>
  <testcase classname="runner.TestRunner" name="runScenario" time="0.647"/>
  <testcase classname="runner.TestRunner" name="runScenario" time="0.749"/>
  <testcase classname="runner.TestRunner" name="runScenario" time="0.184"/>
  <testcase classname="runner.TestRunner" name="runScenario" time="0.266"/>
  <testcase classname="runner.TestRunner" name="runScenario" time="0.258"/>
  <testcase classname="runner.TestRunner" name="runScenario" time="0.345"/>
  <testcase classname="runner.TestRunner" name="runScenario" time="0.283"/>
  <testcase classname="runner.TestRunner" name="runScenario" time="0.271"/>
  <testcase classname="runner.TestRunner" name="runScenario" time="0.323"/>
  <testcase classname="runner.TestRunner" name="runScenario" time="0.576"/>
  <testcase classname="runner.TestRunner" name="runScenario" time="0.304"/>
  <testcase classname="runner.TestRunner" name="runScenario" time="0.387"/>
  <testcase classname="runner.TestRunner" name="runScenario" time="0.616"/>
  <testcase classname="runner.TestRunner" name="runScenario" time="0.692"/>
  <testcase classname="runner.TestRunner" name="runScenario" time="0.628"/>
  <testcase classname="runner.TestRunner" name="runScenario" time="0.302"/>
  <testcase classname="runner.TestRunner" name="runScenario" time="0.170"/>
  <testcase classname="runner.TestRunner" name="runScenario" time="0.185"/>
  <testcase classname="runner.TestRunner" name="runScenario" time="0.887">
    <failure message="Title do not match expected [NumpyNinja] but found [Registration]" type="java.lang.AssertionError">
      <![CDATA[java.lang.AssertionError: Title do not match expected [NumpyNinja] but found [Registration]
at org.testng.Assert.fail(Assert.java:111)
at org.testng.Assert.failNotEquals(Assert.java:1578)
at org.testng.Assert.assertEqualsImpl(Assert.java:150)
at org.testng.Assert.assertEquals(Assert.java:132)
at org.testng.Assert.assertEquals(Assert.java:656)
at stepDefinitions.RegisterPageSD.the_user_should_be_redirected_to_homepage_with_the_message(RegisterPageSD.java:214)
at ✽.The user should be redirected to Homepage with the message "New Account Created. You are logged in as Nmpy@sdet117_102"(file:///D:/Ancy/Java/DSAlgo/DSAlgo/src/test/resources/features/2_RegisterPage.feature:115)
]]>
    </failure>
  </testcase> <!-- runScenario -->
  <testcase classname="runner.TestRunner" name="runScenario" time="0.524"/>
  <testcase classname="runner.TestRunner" name="runScenario" time="0.283"/>
  <testcase classname="runner.TestRunner" name="runScenario" time="0.256"/>
  <testcase classname="runner.TestRunner" name="runScenario" time="0.501"/>
  <testcase classname="runner.TestRunner" name="runScenario" time="0.874"/>
  <testcase classname="runner.TestRunner" name="runScenario" time="0.275"/>
  <testcase classname="runner.TestRunner" name="runScenario" time="0.238"/>
  <testcase classname="runner.TestRunner" name="runScenario" time="0.699"/>
  <testcase classname="runner.TestRunner" name="runScenario" time="0.285"/>
  <testcase classname="runner.TestRunner" name="runScenario" time="0.841"/>
  <testcase classname="runner.TestRunner" name="runScenario" time="0.254"/>
  <testcase classname="runner.TestRunner" name="runScenario" time="0.239"/>
  <testcase classname="runner.TestRunner" name="runScenario" time="0.943">
    <failure message="expected [password can’t be too similar to your other personal information.] but found [password_mismatch:The two password fields didn’t match.]" type="java.lang.AssertionError">
      <![CDATA[java.lang.AssertionError: expected [password can’t be too similar to your other personal information.] but found [password_mismatch:The two password fields didn’t match.]
at org.testng.Assert.fail(Assert.java:111)
at org.testng.Assert.failNotEquals(Assert.java:1578)
at org.testng.Assert.assertEqualsImpl(Assert.java:150)
at org.testng.Assert.assertEquals(Assert.java:132)
at org.testng.Assert.assertEquals(Assert.java:656)
at org.testng.Assert.assertEquals(Assert.java:666)
at stepDefinitions.RegisterPageSD.it_should_display_an_error_message(RegisterPageSD.java:92)
at ✽.It should display an error message "password can’t be too similar to your other personal information."(file:///D:/Ancy/Java/DSAlgo/DSAlgo/src/test/resources/features/2_RegisterPage.feature:97)
]]>
    </failure>
  </testcase> <!-- runScenario -->
  <testcase classname="runner.TestRunner" name="runScenario" time="0.260"/>
  <testcase classname="runner.TestRunner" name="runScenario" time="0.255"/>
  <testcase classname="runner.TestRunner" name="runScenario" time="0.619"/>
  <testcase classname="runner.TestRunner" name="runScenario" time="0.813"/>
  <testcase classname="runner.TestRunner" name="runScenario" time="0.798"/>
  <testcase classname="runner.TestRunner" name="runScenario" time="0.963">
    <failure message="expected [Please enter a valid username] but found [password_mismatch:The two password fields didn’t match.]" type="java.lang.AssertionError">
      <![CDATA[java.lang.AssertionError: expected [Please enter a valid username] but found [password_mismatch:The two password fields didn’t match.]
at org.testng.Assert.fail(Assert.java:111)
at org.testng.Assert.failNotEquals(Assert.java:1578)
at org.testng.Assert.assertEqualsImpl(Assert.java:150)
at org.testng.Assert.assertEquals(Assert.java:132)
at org.testng.Assert.assertEquals(Assert.java:656)
at org.testng.Assert.assertEquals(Assert.java:666)
at stepDefinitions.RegisterPageSD.it_should_display_an_error_message(RegisterPageSD.java:92)
at ✽.It should display an error message "Please enter a valid username"(file:///D:/Ancy/Java/DSAlgo/DSAlgo/src/test/resources/features/2_RegisterPage.feature:57)
]]>
    </failure>
  </testcase> <!-- runScenario -->
  <testcase classname="runner.TestRunner" name="runScenario" time="0.289"/>
  <testcase classname="runner.TestRunner" name="runScenario" time="0.284"/>
  <testcase classname="runner.TestRunner" name="runScenario" time="0.925">
    <failure message="expected [Username already exists] but found [password_mismatch:The two password fields didn’t match.]" type="java.lang.AssertionError">
      <![CDATA[java.lang.AssertionError: expected [Username already exists] but found [password_mismatch:The two password fields didn’t match.]
at org.testng.Assert.fail(Assert.java:111)
at org.testng.Assert.failNotEquals(Assert.java:1578)
at org.testng.Assert.assertEqualsImpl(Assert.java:150)
at org.testng.Assert.assertEquals(Assert.java:132)
at org.testng.Assert.assertEquals(Assert.java:656)
at org.testng.Assert.assertEquals(Assert.java:666)
at stepDefinitions.RegisterPageSD.it_should_display_an_error_message(RegisterPageSD.java:92)
at ✽.It should display an error message "Username already exists"(file:///D:/Ancy/Java/DSAlgo/DSAlgo/src/test/resources/features/2_RegisterPage.feature:65)
]]>
    </failure>
  </testcase> <!-- runScenario -->
  <testcase classname="runner.TestRunner" name="runScenario" time="0.289"/>
  <testcase classname="runner.TestRunner" name="runScenario" time="0.202"/>
  <testcase classname="runner.TestRunner" name="runScenario" time="0.245"/>
  <testcase classname="runner.TestRunner" name="runScenario" time="1.604">
    <failure message="Result do not match expected [Submission Successful] but found [Error occurred during submission]" type="java.lang.AssertionError">
      <![CDATA[java.lang.AssertionError: Result do not match expected [Submission Successful] but found [Error occurred during submission]
at org.testng.Assert.fail(Assert.java:111)
at org.testng.Assert.failNotEquals(Assert.java:1578)
at org.testng.Assert.assertEqualsImpl(Assert.java:150)
at org.testng.Assert.assertEquals(Assert.java:132)
at org.testng.Assert.assertEquals(Assert.java:656)
at stepDefinitions.ArraySD.the_user_should_be_presented_with_successful_submission_message(ArraySD.java:166)
at ✽.The user should be presented with successful submission message(file:///D:/Ancy/Java/DSAlgo/DSAlgo/src/test/resources/features/5_Array.feature:328)
]]>
    </failure>
  </testcase> <!-- runScenario -->
  <testcase classname="runner.TestRunner" name="runScenario" time="0.632"/>
  <testcase classname="runner.TestRunner" name="runScenario" time="0.695"/>
  <testcase classname="runner.TestRunner" name="runScenario" time="0.573"/>
  <testcase classname="runner.TestRunner" name="runScenario" time="0.573"/>
  <testcase classname="runner.TestRunner" name="runScenario" time="0.944">
    <failure message="expected [Password can’t be commonly used password] but found [password_mismatch:The two password fields didn’t match.]" type="java.lang.AssertionError">
      <![CDATA[java.lang.AssertionError: expected [Password can’t be commonly used password] but found [password_mismatch:The two password fields didn’t match.]
at org.testng.Assert.fail(Assert.java:111)
at org.testng.Assert.failNotEquals(Assert.java:1578)
at org.testng.Assert.assertEqualsImpl(Assert.java:150)
at org.testng.Assert.assertEquals(Assert.java:132)
at org.testng.Assert.assertEquals(Assert.java:656)
at org.testng.Assert.assertEquals(Assert.java:666)
at stepDefinitions.RegisterPageSD.it_should_display_an_error_message(RegisterPageSD.java:92)
at ✽.It should display an error message "Password can’t be commonly used password"(file:///D:/Ancy/Java/DSAlgo/DSAlgo/src/test/resources/features/2_RegisterPage.feature:106)
]]>
    </failure>
  </testcase> <!-- runScenario -->
  <testcase classname="runner.TestRunner" name="runScenario" time="0.811"/>
  <testcase classname="runner.TestRunner" name="runScenario" time="0.556"/>
  <testcase classname="runner.TestRunner" name="runScenario" time="0.641"/>
  <testcase classname="runner.TestRunner" name="runScenario" time="0.301"/>
  <testcase classname="runner.TestRunner" name="runScenario" time="0.977">
    <failure message="expected [Invalid Username] but found [Invalid Username and Password]" type="java.lang.AssertionError">
      <![CDATA[java.lang.AssertionError: expected [Invalid Username] but found [Invalid Username and Password]
at org.testng.Assert.fail(Assert.java:111)
at org.testng.Assert.failNotEquals(Assert.java:1578)
at org.testng.Assert.assertEqualsImpl(Assert.java:150)
at org.testng.Assert.assertEquals(Assert.java:132)
at org.testng.Assert.assertEquals(Assert.java:656)
at org.testng.Assert.assertEquals(Assert.java:666)
at stepDefinitions.SignInPageSD.click_login_button(SignInPageSD.java:105)
at ✽.click login button(file:///D:/Ancy/Java/DSAlgo/DSAlgo/src/test/resources/features/3_SignInPage.feature:38)
]]>
    </failure>
  </testcase> <!-- runScenario -->
  <testcase classname="runner.TestRunner" name="runScenario" time="0.773"/>
  <testcase classname="runner.TestRunner" name="runScenario" time="0.303"/>
  <testcase classname="runner.TestRunner" name="runScenario" time="0.195"/>
  <testcase classname="runner.TestRunner" name="runScenario" time="0.414"/>
  <testcase classname="runner.TestRunner" name="runScenario" time="0.311"/>
  <testcase classname="runner.TestRunner" name="runScenario" time="0.799"/>
  <testcase classname="runner.TestRunner" name="runScenario" time="0.485"/>
  <testcase classname="runner.TestRunner" name="runScenario" time="0.263"/>
  <testcase classname="runner.TestRunner" name="runScenario" time="0.820"/>
  <testcase classname="runner.TestRunner" name="runScenario" time="0.790"/>
  <testcase classname="runner.TestRunner" name="runScenario" time="0.765"/>
  <testcase classname="runner.TestRunner" name="runScenario" time="0.302"/>
  <testcase classname="runner.TestRunner" name="runScenario" time="0.387"/>
  <testcase classname="runner.TestRunner" name="runScenario" time="0.186"/>
  <testcase classname="runner.TestRunner" name="runScenario" time="0.213"/>
  <testcase classname="runner.TestRunner" name="runScenario" time="0.716"/>
  <testcase classname="runner.TestRunner" name="runScenario" time="0.200"/>
  <testcase classname="runner.TestRunner" name="runScenario" time="0.422"/>
  <testcase classname="runner.TestRunner" name="runScenario" time="0.335"/>
</testsuite> <!-- runner.TestRunner -->
